Using pre-set license
Built from '2020.3/staging' branch; Version is '2020.3.4f1 (0abb6314276a) revision 703331'; Using compiler version '192528614'; Build Type 'Release'
OS: 'Windows 10 Education; OS build 19043.962; Version 2009; 64bit' Language: 'en' Physical Memory: 32703 MB
BatchMode: 1, IsHumanControllingUs: 0, StartBugReporterOnCrash: 0, Is64bit: 1, IsPro: 0

 COMMAND LINE ARGUMENTS:
D:\Program Files (x86)\Unity Editors\2020.3.4f1\Editor\Unity.exe
-adb2
-batchMode
-noUpm
-name
AssetImportWorker0
-projectPath
D:/Users/Mario/Documents/GitHub/Speed-Cube
-logFile
Logs/AssetImportWorker0.log
-srvPort
55418
Successfully changed project path to: D:/Users/Mario/Documents/GitHub/Speed-Cube
D:/Users/Mario/Documents/GitHub/Speed-Cube
Using Asset Import Pipeline V2.
Refreshing native plugins compatible for Editor in 27.57 ms, found 0 plugins.
Preloading 0 native plugins for Editor in 0.00 ms.
Initialize engine version: 2020.3.4f1 (0abb6314276a)
[Subsystems] Discovering subsystems at path D:/Program Files (x86)/Unity Editors/2020.3.4f1/Editor/Data/Resources/UnitySubsystems
[Subsystems] Discovering subsystems at path D:/Users/Mario/Documents/GitHub/Speed-Cube/Assets
GfxDevice: creating device client; threaded=0
Direct3D:
    Version:  Direct3D 11.0 [level 11.1]
    Renderer: NVIDIA GeForce RTX 3070 (ID=0x2484)
    Vendor:   
    VRAM:     8043 MB
    Driver:   27.21.14.6192
Initialize mono
Mono path[0] = 'D:/Program Files (x86)/Unity Editors/2020.3.4f1/Editor/Data/Managed'
Mono path[1] = 'D:/Program Files (x86)/Unity Editors/2020.3.4f1/Editor/Data/MonoBleedingEdge/lib/mono/unityjit'
Mono config path = 'D:/Program Files (x86)/Unity Editors/2020.3.4f1/Editor/Data/MonoBleedingEdge/etc'
Using monoOptions --debugger-agent=transport=dt_socket,embedding=1,server=y,suspend=n,address=127.0.0.1:56380
Begin MonoManager ReloadAssembly
Registering precompiled unity dll's ...
Register platform support module: D:/Program Files (x86)/Unity Editors/2020.3.4f1/Editor/Data/PlaybackEngines/WebGLSupport/UnityEditor.WebGL.Extensions.dll
Register platform support module: D:/Program Files (x86)/Unity Editors/2020.3.4f1/Editor/Data/PlaybackEngines/WindowsStandaloneSupport/UnityEditor.WindowsStandalone.Extensions.dll
Registered in 0.000870 seconds.
Native extension for WindowsStandalone target not found
Native extension for WebGL target not found
Refreshing native plugins compatible for Editor in 38.20 ms, found 0 plugins.
Preloading 0 native plugins for Editor in 0.00 ms.
Mono: successfully reloaded assembly
- Completed reload, in  1.078 seconds
Platform modules already initialized, skipping
Registering precompiled user dll's ...
Registered in 0.001744 seconds.
Begin MonoManager ReloadAssembly
Native extension for WindowsStandalone target not found
Native extension for WebGL target not found
Refreshing native plugins compatible for Editor in 0.38 ms, found 0 plugins.
Preloading 0 native plugins for Editor in 0.00 ms.
Mono: successfully reloaded assembly
- Completed reload, in  0.681 seconds
Platform modules already initialized, skipping
========================================================================
Worker process is ready to serve import requests
Launched and connected shader compiler UnityShaderCompiler.exe after 0.03 seconds
Refreshing native plugins compatible for Editor in 0.35 ms, found 0 plugins.
Preloading 0 native plugins for Editor in 0.00 ms.
Unloading 1567 Unused Serialized files (Serialized files now loaded: 0)
System memory in use before: 69.7 MB.
System memory in use after: 69.8 MB.

Unloading 37 unused Assets to reduce memory usage. Loaded Objects now: 1992.
Total: 1.455100 ms (FindLiveObjects: 0.123000 ms CreateObjectMapping: 0.043700 ms MarkObjects: 1.242500 ms  DeleteObjects: 0.045000 ms)

========================================================================
Received Import Request.
  path: Assets/Sprites/flurby.png
  artifactKey: Guid(a40b809ce6dfe134386482117abf60b1) Importer(815301076,1909f56bfc062723c751e8b465ee728b)
Start importing Assets/Sprites/flurby.png using Guid(a40b809ce6dfe134386482117abf60b1) Importer(815301076,1909f56bfc062723c751e8b465ee728b)  -> (artifact id: '0f3c14a72280451f73d697c776f5496a') in 0.123578 seconds
  Import took 0.125554 seconds .

========================================================================
Received Import Request.
  Time since last request: 0.000161 seconds.
  path: Assets/Sprites/pause_icon.png
  artifactKey: Guid(6bfdce0ce99072e48af6e9fe8947cf2f) Importer(815301076,1909f56bfc062723c751e8b465ee728b)
Start importing Assets/Sprites/pause_icon.png using Guid(6bfdce0ce99072e48af6e9fe8947cf2f) Importer(815301076,1909f56bfc062723c751e8b465ee728b)  -> (artifact id: '9db993b7c0e3665e3fa245ba18e04c04') in 0.009019 seconds
  Import took 0.010878 seconds .

========================================================================
Received Import Request.
  Time since last request: 0.000140 seconds.
  path: Assets/Sprites/tempSquare.png
  artifactKey: Guid(ff5c0140ff625d34b918316b15e3d04b) Importer(815301076,1909f56bfc062723c751e8b465ee728b)
Start importing Assets/Sprites/tempSquare.png using Guid(ff5c0140ff625d34b918316b15e3d04b) Importer(815301076,1909f56bfc062723c751e8b465ee728b)  -> (artifact id: '921295483a4e2f940d9515dbd9dbe1a1') in 0.009181 seconds
  Import took 0.011008 seconds .

========================================================================
Received Import Request.
  Time since last request: 0.000224 seconds.
  path: Assets/Sprites/temp hdpi bg.png
  artifactKey: Guid(3f6fa8197760e54468da4cefcc1f522d) Importer(815301076,1909f56bfc062723c751e8b465ee728b)
Start importing Assets/Sprites/temp hdpi bg.png using Guid(3f6fa8197760e54468da4cefcc1f522d) Importer(815301076,1909f56bfc062723c751e8b465ee728b)  -> (artifact id: 'd09970b075bc625b0e7efa7a0ffdb82c') in 0.011931 seconds
  Import took 0.013678 seconds .

========================================================================
Received Import Request.
  Time since last request: 0.000260 seconds.
  path: Assets/Sprites/temp hdpi icon face.png
  artifactKey: Guid(d795c9813c6bcee43968ff6d66168fb0) Importer(815301076,1909f56bfc062723c751e8b465ee728b)
Start importing Assets/Sprites/temp hdpi icon face.png using Guid(d795c9813c6bcee43968ff6d66168fb0) Importer(815301076,1909f56bfc062723c751e8b465ee728b)  -> (artifact id: 'a82aba1b7ae50586c34add31d7cefbf4') in 0.007773 seconds
  Import took 0.009575 seconds .

========================================================================
Received Import Request.
  Time since last request: 0.000247 seconds.
  path: Assets/Sprites/tempCircle.png
  artifactKey: Guid(6c330da9e902e4689a389e81073740e3) Importer(815301076,1909f56bfc062723c751e8b465ee728b)
Start importing Assets/Sprites/tempCircle.png using Guid(6c330da9e902e4689a389e81073740e3) Importer(815301076,1909f56bfc062723c751e8b465ee728b)  -> (artifact id: 'ef766dcdb70c161b3d70121c5cfcbf24') in 0.008198 seconds
  Import took 0.010007 seconds .

========================================================================
Received Import Request.
  Time since last request: 0.000259 seconds.
  path: Assets/Sprites/tempIcon.png
  artifactKey: Guid(456be39cfebfd4549aa96e45c2b1f6de) Importer(815301076,1909f56bfc062723c751e8b465ee728b)
Start importing Assets/Sprites/tempIcon.png using Guid(456be39cfebfd4549aa96e45c2b1f6de) Importer(815301076,1909f56bfc062723c751e8b465ee728b)  -> (artifact id: 'fc33fde9c79dcd06220f6093295bb671') in 0.008739 seconds
  Import took 0.010541 seconds .

========================================================================
Received Prepare
Refreshing native plugins compatible for Editor in 3.37 ms, found 0 plugins.
Preloading 0 native plugins for Editor in 0.00 ms.
Unloading 27 Unused Serialized files (Serialized files now loaded: 0)
System memory in use before: 42.5 MB.
System memory in use after: 42.6 MB.

Unloading 26 unused Assets to reduce memory usage. Loaded Objects now: 2009.
Total: 1.692700 ms (FindLiveObjects: 0.131100 ms CreateObjectMapping: 0.043000 ms MarkObjects: 1.505300 ms  DeleteObjects: 0.012600 ms)

